::1 - - [24/Feb/2021:09:44:17 +0000] "GET /dummy HTTP/1.1" 200 17 "-" "PostmanRuntime/7.26.8"
::1 - - [24/Feb/2021:10:06:58 +0000] "GET /config HTTP/1.1" 200 1812 "-" "PostmanRuntime/7.26.8"
::1 - - [27/Feb/2021:15:04:32 +0000] "GET /isBlacklisted/participant_ID/1111 HTTP/1.1" 200 20 "http://localhost:8080/" "Mozilla/5.0 (Windows NT 10.0; Win64; x64) AppleWebKit/537.36 (KHTML, like Gecko) Chrome/88.0.4324.190 Safari/537.36"
::1 - - [27/Feb/2021:15:04:34 +0000] "GET /userExists/participant_ID/1111 HTTP/1.1" 200 16 "http://localhost:8080/" "Mozilla/5.0 (Windows NT 10.0; Win64; x64) AppleWebKit/537.36 (KHTML, like Gecko) Chrome/88.0.4324.190 Safari/537.36"
::1 - - [27/Feb/2021:15:04:34 +0000] "GET /isBlacklisted/participant_ID/1111 HTTP/1.1" 304 - "http://localhost:8080/" "Mozilla/5.0 (Windows NT 10.0; Win64; x64) AppleWebKit/537.36 (KHTML, like Gecko) Chrome/88.0.4324.190 Safari/537.36"
::1 - - [27/Feb/2021:15:04:36 +0000] "GET /userExists/participant_ID/1111 HTTP/1.1" 304 - "http://localhost:8080/" "Mozilla/5.0 (Windows NT 10.0; Win64; x64) AppleWebKit/537.36 (KHTML, like Gecko) Chrome/88.0.4324.190 Safari/537.36"
::1 - - [27/Feb/2021:15:04:45 +0000] "GET /isBlacklisted/participant_ID/1111 HTTP/1.1" 304 - "http://localhost:8080/" "Mozilla/5.0 (Windows NT 10.0; Win64; x64) AppleWebKit/537.36 (KHTML, like Gecko) Chrome/88.0.4324.190 Safari/537.36"
::1 - - [27/Feb/2021:15:04:46 +0000] "GET /userExists/participant_ID/1111 HTTP/1.1" 304 - "http://localhost:8080/" "Mozilla/5.0 (Windows NT 10.0; Win64; x64) AppleWebKit/537.36 (KHTML, like Gecko) Chrome/88.0.4324.190 Safari/537.36"
::1 - - [27/Feb/2021:15:06:30 +0000] "GET /isBlacklisted/participant_ID/324151 HTTP/1.1" 200 21 "http://localhost:8080/" "Mozilla/5.0 (Windows NT 10.0; Win64; x64) AppleWebKit/537.36 (KHTML, like Gecko) Chrome/88.0.4324.190 Safari/537.36"
::1 - - [27/Feb/2021:15:06:32 +0000] "GET /userExists/participant_ID/324151 HTTP/1.1" 200 16 "http://localhost:8080/" "Mozilla/5.0 (Windows NT 10.0; Win64; x64) AppleWebKit/537.36 (KHTML, like Gecko) Chrome/88.0.4324.190 Safari/537.36"
::1 - - [27/Feb/2021:16:53:45 +0000] "GET /isBlacklisted/participant_ID/1111 HTTP/1.1" - - "http://localhost:8080/" "Mozilla/5.0 (Windows NT 10.0; Win64; x64) AppleWebKit/537.36 (KHTML, like Gecko) Chrome/88.0.4324.190 Safari/537.36"
::1 - - [27/Feb/2021:17:07:52 +0000] "GET /isBlacklisted/participant_ID/12347 HTTP/1.1" 200 21 "-" "PostmanRuntime/7.26.8"
::1 - - [28/Feb/2021:07:44:52 +0000] "GET /isBlacklisted/participant_ID/12347 HTTP/1.1" 200 21 "-" "PostmanRuntime/7.26.8"
::1 - - [28/Feb/2021:07:44:58 +0000] "GET /isBlacklisted/participant_ID/12347 HTTP/1.1" 200 21 "-" "PostmanRuntime/7.26.8"
::1 - - [02/Mar/2021:10:15:33 +0000] "GET /isBlacklisted/participant_ID/5213548 HTTP/1.1" 200 21 "http://localhost:8080/" "Mozilla/5.0 (Windows NT 10.0; Win64; x64) AppleWebKit/537.36 (KHTML, like Gecko) Chrome/88.0.4324.190 Safari/537.36"
::1 - - [02/Mar/2021:10:15:35 +0000] "GET /userExists/participant_ID/5213548 HTTP/1.1" 200 16 "http://localhost:8080/" "Mozilla/5.0 (Windows NT 10.0; Win64; x64) AppleWebKit/537.36 (KHTML, like Gecko) Chrome/88.0.4324.190 Safari/537.36"
::1 - - [02/Mar/2021:10:19:19 +0000] "GET /isBlacklisted/participant_ID/5213548 HTTP/1.1" 304 - "http://localhost:8080/" "Mozilla/5.0 (Windows NT 10.0; Win64; x64) AppleWebKit/537.36 (KHTML, like Gecko) Chrome/88.0.4324.190 Safari/537.36"
::1 - - [02/Mar/2021:10:19:21 +0000] "GET /userExists/participant_ID/5213548 HTTP/1.1" 304 - "http://localhost:8080/" "Mozilla/5.0 (Windows NT 10.0; Win64; x64) AppleWebKit/537.36 (KHTML, like Gecko) Chrome/88.0.4324.190 Safari/537.36"
::1 - - [02/Mar/2021:10:20:07 +0000] "POST /addExperiment HTTP/1.1" 201 30 "http://localhost:8080/" "Mozilla/5.0 (Windows NT 10.0; Win64; x64) AppleWebKit/537.36 (KHTML, like Gecko) Chrome/88.0.4324.190 Safari/537.36"
::1 - - [02/Mar/2021:10:31:35 +0000] "GET /isBlacklisted/participant_ID/5213548 HTTP/1.1" 304 - "http://localhost:8080/" "Mozilla/5.0 (Windows NT 10.0; Win64; x64) AppleWebKit/537.36 (KHTML, like Gecko) Chrome/88.0.4324.190 Safari/537.36"
::1 - - [02/Mar/2021:10:31:37 +0000] "GET /userExists/participant_ID/5213548 HTTP/1.1" 200 15 "http://localhost:8080/" "Mozilla/5.0 (Windows NT 10.0; Win64; x64) AppleWebKit/537.36 (KHTML, like Gecko) Chrome/88.0.4324.190 Safari/537.36"
::1 - - [02/Mar/2021:10:33:35 +0000] "GET /isBlacklisted/participant_ID/3332223 HTTP/1.1" 200 21 "http://localhost:8080/" "Mozilla/5.0 (Windows NT 10.0; Win64; x64) AppleWebKit/537.36 (KHTML, like Gecko) Chrome/88.0.4324.190 Safari/537.36"
::1 - - [02/Mar/2021:10:33:36 +0000] "GET /userExists/participant_ID/3332223 HTTP/1.1" 200 16 "http://localhost:8080/" "Mozilla/5.0 (Windows NT 10.0; Win64; x64) AppleWebKit/537.36 (KHTML, like Gecko) Chrome/88.0.4324.190 Safari/537.36"
::1 - - [02/Mar/2021:10:35:04 +0000] "POST /addExperiment HTTP/1.1" 201 30 "http://localhost:8080/" "Mozilla/5.0 (Windows NT 10.0; Win64; x64) AppleWebKit/537.36 (KHTML, like Gecko) Chrome/88.0.4324.190 Safari/537.36"
::1 - - [02/Mar/2021:10:37:14 +0000] "GET /isBlacklisted/participant_ID/3332223 HTTP/1.1" 304 - "http://localhost:8080/" "Mozilla/5.0 (Windows NT 10.0; Win64; x64) AppleWebKit/537.36 (KHTML, like Gecko) Chrome/88.0.4324.190 Safari/537.36"
::1 - - [02/Mar/2021:10:37:15 +0000] "GET /userExists/participant_ID/3332223 HTTP/1.1" 200 15 "http://localhost:8080/" "Mozilla/5.0 (Windows NT 10.0; Win64; x64) AppleWebKit/537.36 (KHTML, like Gecko) Chrome/88.0.4324.190 Safari/537.36"
::1 - - [02/Mar/2021:10:37:22 +0000] "GET /isBlacklisted/participant_ID/558822 HTTP/1.1" 200 21 "http://localhost:8080/" "Mozilla/5.0 (Windows NT 10.0; Win64; x64) AppleWebKit/537.36 (KHTML, like Gecko) Chrome/88.0.4324.190 Safari/537.36"
::1 - - [02/Mar/2021:10:37:23 +0000] "GET /userExists/participant_ID/558822 HTTP/1.1" 200 16 "http://localhost:8080/" "Mozilla/5.0 (Windows NT 10.0; Win64; x64) AppleWebKit/537.36 (KHTML, like Gecko) Chrome/88.0.4324.190 Safari/537.36"
::1 - - [02/Mar/2021:10:37:55 +0000] "POST /addExperiment HTTP/1.1" 201 30 "http://localhost:8080/" "Mozilla/5.0 (Windows NT 10.0; Win64; x64) AppleWebKit/537.36 (KHTML, like Gecko) Chrome/88.0.4324.190 Safari/537.36"
::1 - - [02/Mar/2021:10:46:49 +0000] "GET /isBlacklisted/participant_ID/999888 HTTP/1.1" 200 21 "http://localhost:8080/" "Mozilla/5.0 (Windows NT 10.0; Win64; x64) AppleWebKit/537.36 (KHTML, like Gecko) Chrome/88.0.4324.190 Safari/537.36"
::1 - - [02/Mar/2021:10:46:50 +0000] "GET /userExists/participant_ID/999888 HTTP/1.1" 200 16 "http://localhost:8080/" "Mozilla/5.0 (Windows NT 10.0; Win64; x64) AppleWebKit/537.36 (KHTML, like Gecko) Chrome/88.0.4324.190 Safari/537.36"
::1 - - [02/Mar/2021:10:46:53 +0000] "GET /config HTTP/1.1" 200 1822 "http://localhost:8080/" "Mozilla/5.0 (Windows NT 10.0; Win64; x64) AppleWebKit/537.36 (KHTML, like Gecko) Chrome/88.0.4324.190 Safari/537.36"
::1 - - [02/Mar/2021:10:50:02 +0000] "GET /isBlacklisted/participant_ID/999888 HTTP/1.1" 304 - "http://localhost:8080/" "Mozilla/5.0 (Windows NT 10.0; Win64; x64) AppleWebKit/537.36 (KHTML, like Gecko) Chrome/88.0.4324.190 Safari/537.36"
::1 - - [02/Mar/2021:10:50:04 +0000] "GET /userExists/participant_ID/999888 HTTP/1.1" 304 - "http://localhost:8080/" "Mozilla/5.0 (Windows NT 10.0; Win64; x64) AppleWebKit/537.36 (KHTML, like Gecko) Chrome/88.0.4324.190 Safari/537.36"
::1 - - [02/Mar/2021:10:50:45 +0000] "POST /addExperiment HTTP/1.1" 201 30 "http://localhost:8080/" "Mozilla/5.0 (Windows NT 10.0; Win64; x64) AppleWebKit/537.36 (KHTML, like Gecko) Chrome/88.0.4324.190 Safari/537.36"
::1 - - [02/Mar/2021:10:52:22 +0000] "GET /isBlacklisted/participant_ID/999888 HTTP/1.1" 304 - "http://localhost:8080/" "Mozilla/5.0 (Windows NT 10.0; Win64; x64) AppleWebKit/537.36 (KHTML, like Gecko) Chrome/88.0.4324.190 Safari/537.36"
::1 - - [02/Mar/2021:10:52:23 +0000] "GET /userExists/participant_ID/999888 HTTP/1.1" 200 15 "http://localhost:8080/" "Mozilla/5.0 (Windows NT 10.0; Win64; x64) AppleWebKit/537.36 (KHTML, like Gecko) Chrome/88.0.4324.190 Safari/537.36"
::1 - - [02/Mar/2021:10:52:33 +0000] "GET /isBlacklisted/participant_ID/66556655 HTTP/1.1" 200 21 "http://localhost:8080/" "Mozilla/5.0 (Windows NT 10.0; Win64; x64) AppleWebKit/537.36 (KHTML, like Gecko) Chrome/88.0.4324.190 Safari/537.36"
::1 - - [02/Mar/2021:10:52:35 +0000] "GET /userExists/participant_ID/66556655 HTTP/1.1" 200 16 "http://localhost:8080/" "Mozilla/5.0 (Windows NT 10.0; Win64; x64) AppleWebKit/537.36 (KHTML, like Gecko) Chrome/88.0.4324.190 Safari/537.36"
::1 - - [02/Mar/2021:10:53:02 +0000] "POST /addExperiment HTTP/1.1" 201 30 "http://localhost:8080/" "Mozilla/5.0 (Windows NT 10.0; Win64; x64) AppleWebKit/537.36 (KHTML, like Gecko) Chrome/88.0.4324.190 Safari/537.36"
::1 - - [02/Mar/2021:10:57:04 +0000] "GET /isBlacklisted/participant_ID/9898989898 HTTP/1.1" 200 21 "http://localhost:8080/" "Mozilla/5.0 (Windows NT 10.0; Win64; x64) AppleWebKit/537.36 (KHTML, like Gecko) Chrome/88.0.4324.190 Safari/537.36"
::1 - - [02/Mar/2021:10:57:05 +0000] "GET /userExists/participant_ID/9898989898 HTTP/1.1" 200 16 "http://localhost:8080/" "Mozilla/5.0 (Windows NT 10.0; Win64; x64) AppleWebKit/537.36 (KHTML, like Gecko) Chrome/88.0.4324.190 Safari/537.36"
::1 - - [02/Mar/2021:10:57:29 +0000] "POST /addExperiment HTTP/1.1" 201 30 "http://localhost:8080/" "Mozilla/5.0 (Windows NT 10.0; Win64; x64) AppleWebKit/537.36 (KHTML, like Gecko) Chrome/88.0.4324.190 Safari/537.36"
::1 - - [02/Mar/2021:11:00:31 +0000] "GET /isBlacklisted/participant_ID/123456123456 HTTP/1.1" 200 21 "http://localhost:8080/" "Mozilla/5.0 (Windows NT 10.0; Win64; x64) AppleWebKit/537.36 (KHTML, like Gecko) Chrome/88.0.4324.190 Safari/537.36"
::1 - - [02/Mar/2021:11:00:33 +0000] "GET /userExists/participant_ID/123456123456 HTTP/1.1" 200 16 "http://localhost:8080/" "Mozilla/5.0 (Windows NT 10.0; Win64; x64) AppleWebKit/537.36 (KHTML, like Gecko) Chrome/88.0.4324.190 Safari/537.36"
::1 - - [02/Mar/2021:11:00:44 +0000] "GET /isBlacklisted/participant_ID/11223311 HTTP/1.1" 200 21 "http://localhost:8080/" "Mozilla/5.0 (Windows NT 10.0; Win64; x64) AppleWebKit/537.36 (KHTML, like Gecko) Chrome/88.0.4324.190 Safari/537.36"
::1 - - [02/Mar/2021:11:00:45 +0000] "GET /userExists/participant_ID/11223311 HTTP/1.1" 200 16 "http://localhost:8080/" "Mozilla/5.0 (Windows NT 10.0; Win64; x64) AppleWebKit/537.36 (KHTML, like Gecko) Chrome/88.0.4324.190 Safari/537.36"
::1 - - [02/Mar/2021:11:01:28 +0000] "POST /addExperiment HTTP/1.1" 201 30 "http://localhost:8080/" "Mozilla/5.0 (Windows NT 10.0; Win64; x64) AppleWebKit/537.36 (KHTML, like Gecko) Chrome/88.0.4324.190 Safari/537.36"
::1 - - [02/Mar/2021:11:05:36 +0000] "GET /isBlacklisted/participant_ID/1 HTTP/1.1" 200 20 "http://localhost:8080/" "Mozilla/5.0 (Windows NT 10.0; Win64; x64) AppleWebKit/537.36 (KHTML, like Gecko) Chrome/88.0.4324.190 Safari/537.36"
::1 - - [02/Mar/2021:11:05:38 +0000] "GET /userExists/participant_ID/1 HTTP/1.1" 200 15 "http://localhost:8080/" "Mozilla/5.0 (Windows NT 10.0; Win64; x64) AppleWebKit/537.36 (KHTML, like Gecko) Chrome/88.0.4324.190 Safari/537.36"
::1 - - [02/Mar/2021:11:05:49 +0000] "GET /isBlacklisted/participant_ID/12 HTTP/1.1" 200 21 "http://localhost:8080/" "Mozilla/5.0 (Windows NT 10.0; Win64; x64) AppleWebKit/537.36 (KHTML, like Gecko) Chrome/88.0.4324.190 Safari/537.36"
::1 - - [02/Mar/2021:11:05:50 +0000] "GET /userExists/participant_ID/12 HTTP/1.1" 200 16 "http://localhost:8080/" "Mozilla/5.0 (Windows NT 10.0; Win64; x64) AppleWebKit/537.36 (KHTML, like Gecko) Chrome/88.0.4324.190 Safari/537.36"
::1 - - [02/Mar/2021:11:06:44 +0000] "POST /addExperiment HTTP/1.1" 201 30 "http://localhost:8080/" "Mozilla/5.0 (Windows NT 10.0; Win64; x64) AppleWebKit/537.36 (KHTML, like Gecko) Chrome/88.0.4324.190 Safari/537.36"
::1 - - [02/Mar/2021:11:08:31 +0000] "GET /isBlacklisted/participant_ID/123 HTTP/1.1" 200 21 "http://localhost:8080/" "Mozilla/5.0 (Windows NT 10.0; Win64; x64) AppleWebKit/537.36 (KHTML, like Gecko) Chrome/88.0.4324.190 Safari/537.36"
::1 - - [02/Mar/2021:11:08:32 +0000] "GET /userExists/participant_ID/123 HTTP/1.1" 200 15 "http://localhost:8080/" "Mozilla/5.0 (Windows NT 10.0; Win64; x64) AppleWebKit/537.36 (KHTML, like Gecko) Chrome/88.0.4324.190 Safari/537.36"
::1 - - [02/Mar/2021:11:08:43 +0000] "GET /isBlacklisted/participant_ID/1020 HTTP/1.1" 200 21 "http://localhost:8080/" "Mozilla/5.0 (Windows NT 10.0; Win64; x64) AppleWebKit/537.36 (KHTML, like Gecko) Chrome/88.0.4324.190 Safari/537.36"
::1 - - [02/Mar/2021:11:08:44 +0000] "GET /userExists/participant_ID/1020 HTTP/1.1" 200 16 "http://localhost:8080/" "Mozilla/5.0 (Windows NT 10.0; Win64; x64) AppleWebKit/537.36 (KHTML, like Gecko) Chrome/88.0.4324.190 Safari/537.36"
::1 - - [02/Mar/2021:11:09:12 +0000] "POST /addExperiment HTTP/1.1" 201 30 "http://localhost:8080/" "Mozilla/5.0 (Windows NT 10.0; Win64; x64) AppleWebKit/537.36 (KHTML, like Gecko) Chrome/88.0.4324.190 Safari/537.36"
::1 - - [02/Mar/2021:11:10:41 +0000] "GET /isBlacklisted/participant_ID/1997 HTTP/1.1" 200 21 "http://localhost:8080/" "Mozilla/5.0 (Windows NT 10.0; Win64; x64) AppleWebKit/537.36 (KHTML, like Gecko) Chrome/88.0.4324.190 Safari/537.36"
::1 - - [02/Mar/2021:11:10:43 +0000] "GET /userExists/participant_ID/1997 HTTP/1.1" 200 16 "http://localhost:8080/" "Mozilla/5.0 (Windows NT 10.0; Win64; x64) AppleWebKit/537.36 (KHTML, like Gecko) Chrome/88.0.4324.190 Safari/537.36"
::1 - - [02/Mar/2021:11:11:05 +0000] "POST /addExperiment HTTP/1.1" 201 30 "http://localhost:8080/" "Mozilla/5.0 (Windows NT 10.0; Win64; x64) AppleWebKit/537.36 (KHTML, like Gecko) Chrome/88.0.4324.190 Safari/537.36"
::1 - - [02/Mar/2021:11:17:03 +0000] "GET /isBlacklisted/participant_ID/1998 HTTP/1.1" 200 21 "http://localhost:8080/" "Mozilla/5.0 (Windows NT 10.0; Win64; x64) AppleWebKit/537.36 (KHTML, like Gecko) Chrome/88.0.4324.190 Safari/537.36"
::1 - - [02/Mar/2021:11:17:05 +0000] "GET /userExists/participant_ID/1998 HTTP/1.1" 200 16 "http://localhost:8080/" "Mozilla/5.0 (Windows NT 10.0; Win64; x64) AppleWebKit/537.36 (KHTML, like Gecko) Chrome/88.0.4324.190 Safari/537.36"
::1 - - [02/Mar/2021:11:19:10 +0000] "GET /isBlacklisted/participant_ID/1999 HTTP/1.1" 200 21 "http://localhost:8080/" "Mozilla/5.0 (Windows NT 10.0; Win64; x64) AppleWebKit/537.36 (KHTML, like Gecko) Chrome/88.0.4324.190 Safari/537.36"
::1 - - [02/Mar/2021:11:19:11 +0000] "GET /userExists/participant_ID/1999 HTTP/1.1" 200 16 "http://localhost:8080/" "Mozilla/5.0 (Windows NT 10.0; Win64; x64) AppleWebKit/537.36 (KHTML, like Gecko) Chrome/88.0.4324.190 Safari/537.36"
::1 - - [02/Mar/2021:11:20:56 +0000] "GET /isBlacklisted/participant_ID/2000 HTTP/1.1" 200 21 "http://localhost:8080/" "Mozilla/5.0 (Windows NT 10.0; Win64; x64) AppleWebKit/537.36 (KHTML, like Gecko) Chrome/88.0.4324.190 Safari/537.36"
::1 - - [02/Mar/2021:11:20:57 +0000] "GET /userExists/participant_ID/2000 HTTP/1.1" 200 16 "http://localhost:8080/" "Mozilla/5.0 (Windows NT 10.0; Win64; x64) AppleWebKit/537.36 (KHTML, like Gecko) Chrome/88.0.4324.190 Safari/537.36"
::1 - - [02/Mar/2021:11:21:29 +0000] "POST /addExperiment HTTP/1.1" 201 30 "http://localhost:8080/" "Mozilla/5.0 (Windows NT 10.0; Win64; x64) AppleWebKit/537.36 (KHTML, like Gecko) Chrome/88.0.4324.190 Safari/537.36"
::1 - - [02/Mar/2021:11:31:32 +0000] "GET /isBlacklisted/participant_ID/2001 HTTP/1.1" 200 21 "http://localhost:8080/" "Mozilla/5.0 (Windows NT 10.0; Win64; x64) AppleWebKit/537.36 (KHTML, like Gecko) Chrome/88.0.4324.190 Safari/537.36"
::1 - - [02/Mar/2021:11:31:34 +0000] "GET /userExists/participant_ID/2001 HTTP/1.1" 200 16 "http://localhost:8080/" "Mozilla/5.0 (Windows NT 10.0; Win64; x64) AppleWebKit/537.36 (KHTML, like Gecko) Chrome/88.0.4324.190 Safari/537.36"
::1 - - [02/Mar/2021:11:33:49 +0000] "POST /addExperiment HTTP/1.1" - - "http://localhost:8080/" "Mozilla/5.0 (Windows NT 10.0; Win64; x64) AppleWebKit/537.36 (KHTML, like Gecko) Chrome/88.0.4324.190 Safari/537.36"
::1 - - [02/Mar/2021:11:35:44 +0000] "GET /isBlacklisted/participant_ID/2002 HTTP/1.1" 200 21 "http://localhost:8080/" "Mozilla/5.0 (Windows NT 10.0; Win64; x64) AppleWebKit/537.36 (KHTML, like Gecko) Chrome/88.0.4324.190 Safari/537.36"
::1 - - [02/Mar/2021:11:35:45 +0000] "GET /userExists/participant_ID/2002 HTTP/1.1" 200 16 "http://localhost:8080/" "Mozilla/5.0 (Windows NT 10.0; Win64; x64) AppleWebKit/537.36 (KHTML, like Gecko) Chrome/88.0.4324.190 Safari/537.36"
::1 - - [02/Mar/2021:11:38:01 +0000] "POST /addExperiment HTTP/1.1" - - "http://localhost:8080/" "Mozilla/5.0 (Windows NT 10.0; Win64; x64) AppleWebKit/537.36 (KHTML, like Gecko) Chrome/88.0.4324.190 Safari/537.36"
::1 - - [02/Mar/2021:11:39:13 +0000] "GET /isBlacklisted/participant_ID/2003 HTTP/1.1" 200 21 "http://localhost:8080/" "Mozilla/5.0 (Windows NT 10.0; Win64; x64) AppleWebKit/537.36 (KHTML, like Gecko) Chrome/88.0.4324.190 Safari/537.36"
::1 - - [02/Mar/2021:11:39:15 +0000] "GET /userExists/participant_ID/2003 HTTP/1.1" 200 16 "http://localhost:8080/" "Mozilla/5.0 (Windows NT 10.0; Win64; x64) AppleWebKit/537.36 (KHTML, like Gecko) Chrome/88.0.4324.190 Safari/537.36"
::1 - - [02/Mar/2021:11:41:35 +0000] "POST /addExperiment HTTP/1.1" - - "http://localhost:8080/" "Mozilla/5.0 (Windows NT 10.0; Win64; x64) AppleWebKit/537.36 (KHTML, like Gecko) Chrome/88.0.4324.190 Safari/537.36"
::1 - - [02/Mar/2021:11:48:39 +0000] "GET /isBlacklisted/participant_ID/2004 HTTP/1.1" 200 21 "http://localhost:8080/" "Mozilla/5.0 (Windows NT 10.0; Win64; x64) AppleWebKit/537.36 (KHTML, like Gecko) Chrome/88.0.4324.190 Safari/537.36"
::1 - - [02/Mar/2021:11:48:40 +0000] "GET /userExists/participant_ID/2004 HTTP/1.1" 200 16 "http://localhost:8080/" "Mozilla/5.0 (Windows NT 10.0; Win64; x64) AppleWebKit/537.36 (KHTML, like Gecko) Chrome/88.0.4324.190 Safari/537.36"
::1 - - [02/Mar/2021:11:49:53 +0000] "GET /isBlacklisted/participant_ID/2004 HTTP/1.1" 304 - "http://localhost:8080/" "Mozilla/5.0 (Windows NT 10.0; Win64; x64) AppleWebKit/537.36 (KHTML, like Gecko) Chrome/88.0.4324.190 Safari/537.36"
::1 - - [02/Mar/2021:11:49:55 +0000] "GET /userExists/participant_ID/2004 HTTP/1.1" 304 - "http://localhost:8080/" "Mozilla/5.0 (Windows NT 10.0; Win64; x64) AppleWebKit/537.36 (KHTML, like Gecko) Chrome/88.0.4324.190 Safari/537.36"
::1 - - [02/Mar/2021:11:49:58 +0000] "GET /config HTTP/1.1" 200 1909 "http://localhost:8080/" "Mozilla/5.0 (Windows NT 10.0; Win64; x64) AppleWebKit/537.36 (KHTML, like Gecko) Chrome/88.0.4324.190 Safari/537.36"
::1 - - [02/Mar/2021:11:50:49 +0000] "POST /addExperiment HTTP/1.1" 201 30 "http://localhost:8080/" "Mozilla/5.0 (Windows NT 10.0; Win64; x64) AppleWebKit/537.36 (KHTML, like Gecko) Chrome/88.0.4324.190 Safari/537.36"
::1 - - [02/Mar/2021:11:53:58 +0000] "GET /isBlacklisted/participant_ID/2005 HTTP/1.1" 200 21 "http://localhost:8080/" "Mozilla/5.0 (Windows NT 10.0; Win64; x64) AppleWebKit/537.36 (KHTML, like Gecko) Chrome/88.0.4324.190 Safari/537.36"
::1 - - [02/Mar/2021:11:53:59 +0000] "GET /userExists/participant_ID/2005 HTTP/1.1" 200 16 "http://localhost:8080/" "Mozilla/5.0 (Windows NT 10.0; Win64; x64) AppleWebKit/537.36 (KHTML, like Gecko) Chrome/88.0.4324.190 Safari/537.36"
::1 - - [02/Mar/2021:11:54:29 +0000] "POST /addExperiment HTTP/1.1" 201 30 "http://localhost:8080/" "Mozilla/5.0 (Windows NT 10.0; Win64; x64) AppleWebKit/537.36 (KHTML, like Gecko) Chrome/88.0.4324.190 Safari/537.36"
::1 - - [02/Mar/2021:14:10:29 +0000] "GET /isBlacklisted/participant_ID/2006 HTTP/1.1" 200 21 "http://localhost:8080/" "Mozilla/5.0 (Windows NT 10.0; Win64; x64) AppleWebKit/537.36 (KHTML, like Gecko) Chrome/88.0.4324.190 Safari/537.36"
::1 - - [02/Mar/2021:14:10:31 +0000] "GET /userExists/participant_ID/2006 HTTP/1.1" 200 16 "http://localhost:8080/" "Mozilla/5.0 (Windows NT 10.0; Win64; x64) AppleWebKit/537.36 (KHTML, like Gecko) Chrome/88.0.4324.190 Safari/537.36"
::1 - - [02/Mar/2021:14:11:25 +0000] "POST /addExperiment HTTP/1.1" 201 20 "http://localhost:8080/" "Mozilla/5.0 (Windows NT 10.0; Win64; x64) AppleWebKit/537.36 (KHTML, like Gecko) Chrome/88.0.4324.190 Safari/537.36"
::1 - - [02/Mar/2021:14:11:37 +0000] "POST /addFeedback HTTP/1.1" 201 28 "http://localhost:8080/" "Mozilla/5.0 (Windows NT 10.0; Win64; x64) AppleWebKit/537.36 (KHTML, like Gecko) Chrome/88.0.4324.190 Safari/537.36"
::1 - - [02/Mar/2021:14:13:47 +0000] "GET /isBlacklisted/participant_ID/2006 HTTP/1.1" 304 - "http://localhost:8080/" "Mozilla/5.0 (Windows NT 10.0; Win64; x64) AppleWebKit/537.36 (KHTML, like Gecko) Chrome/88.0.4324.190 Safari/537.36"
::1 - - [02/Mar/2021:14:13:48 +0000] "GET /userExists/participant_ID/2006 HTTP/1.1" 200 15 "http://localhost:8080/" "Mozilla/5.0 (Windows NT 10.0; Win64; x64) AppleWebKit/537.36 (KHTML, like Gecko) Chrome/88.0.4324.190 Safari/537.36"
::1 - - [02/Mar/2021:14:13:56 +0000] "GET /isBlacklisted/participant_ID/2007 HTTP/1.1" 200 21 "http://localhost:8080/" "Mozilla/5.0 (Windows NT 10.0; Win64; x64) AppleWebKit/537.36 (KHTML, like Gecko) Chrome/88.0.4324.190 Safari/537.36"
::1 - - [02/Mar/2021:14:13:57 +0000] "GET /userExists/participant_ID/2007 HTTP/1.1" 200 16 "http://localhost:8080/" "Mozilla/5.0 (Windows NT 10.0; Win64; x64) AppleWebKit/537.36 (KHTML, like Gecko) Chrome/88.0.4324.190 Safari/537.36"
::1 - - [02/Mar/2021:14:14:19 +0000] "POST /addExperiment HTTP/1.1" 201 20 "http://localhost:8080/" "Mozilla/5.0 (Windows NT 10.0; Win64; x64) AppleWebKit/537.36 (KHTML, like Gecko) Chrome/88.0.4324.190 Safari/537.36"
::1 - - [02/Mar/2021:14:14:30 +0000] "POST /addFeedback HTTP/1.1" 201 28 "http://localhost:8080/" "Mozilla/5.0 (Windows NT 10.0; Win64; x64) AppleWebKit/537.36 (KHTML, like Gecko) Chrome/88.0.4324.190 Safari/537.36"
::1 - - [02/Mar/2021:14:17:04 +0000] "GET /isBlacklisted/participant_ID/2007 HTTP/1.1" 304 - "http://localhost:8080/" "Mozilla/5.0 (Windows NT 10.0; Win64; x64) AppleWebKit/537.36 (KHTML, like Gecko) Chrome/88.0.4324.190 Safari/537.36"
::1 - - [02/Mar/2021:14:17:05 +0000] "GET /userExists/participant_ID/2007 HTTP/1.1" 200 15 "http://localhost:8080/" "Mozilla/5.0 (Windows NT 10.0; Win64; x64) AppleWebKit/537.36 (KHTML, like Gecko) Chrome/88.0.4324.190 Safari/537.36"
::1 - - [02/Mar/2021:14:17:18 +0000] "GET /isBlacklisted/participant_ID/2008 HTTP/1.1" 200 21 "http://localhost:8080/" "Mozilla/5.0 (Windows NT 10.0; Win64; x64) AppleWebKit/537.36 (KHTML, like Gecko) Chrome/88.0.4324.190 Safari/537.36"
::1 - - [02/Mar/2021:14:17:19 +0000] "GET /userExists/participant_ID/2008 HTTP/1.1" 200 16 "http://localhost:8080/" "Mozilla/5.0 (Windows NT 10.0; Win64; x64) AppleWebKit/537.36 (KHTML, like Gecko) Chrome/88.0.4324.190 Safari/537.36"
::1 - - [02/Mar/2021:14:17:56 +0000] "POST /addExperiment HTTP/1.1" 201 20 "http://localhost:8080/" "Mozilla/5.0 (Windows NT 10.0; Win64; x64) AppleWebKit/537.36 (KHTML, like Gecko) Chrome/88.0.4324.190 Safari/537.36"
::1 - - [02/Mar/2021:14:18:08 +0000] "POST /addFeedback HTTP/1.1" 201 28 "http://localhost:8080/" "Mozilla/5.0 (Windows NT 10.0; Win64; x64) AppleWebKit/537.36 (KHTML, like Gecko) Chrome/88.0.4324.190 Safari/537.36"
::1 - - [02/Mar/2021:14:36:32 +0000] "POST /addFeedback HTTP/1.1" 201 28 "http://localhost:8080/" "Mozilla/5.0 (Windows NT 10.0; Win64; x64) AppleWebKit/537.36 (KHTML, like Gecko) Chrome/88.0.4324.190 Safari/537.36"
::1 - - [02/Mar/2021:14:37:46 +0000] "POST /addFeedback HTTP/1.1" 201 28 "http://localhost:8080/" "Mozilla/5.0 (Windows NT 10.0; Win64; x64) AppleWebKit/537.36 (KHTML, like Gecko) Chrome/88.0.4324.190 Safari/537.36"
::1 - - [04/Mar/2021:09:38:11 +0000] "GET /isBlacklisted/participant_ID/52715 HTTP/1.1" 200 21 "http://localhost:8080/" "Mozilla/5.0 (Windows NT 10.0; Win64; x64) AppleWebKit/537.36 (KHTML, like Gecko) Chrome/88.0.4324.190 Safari/537.36"
::1 - - [04/Mar/2021:09:38:13 +0000] "GET /userExists/participant_ID/52715 HTTP/1.1" 200 16 "http://localhost:8080/" "Mozilla/5.0 (Windows NT 10.0; Win64; x64) AppleWebKit/537.36 (KHTML, like Gecko) Chrome/88.0.4324.190 Safari/537.36"
::1 - - [04/Mar/2021:09:38:21 +0000] "GET /isBlacklisted/participant_ID/52715 HTTP/1.1" 304 - "http://localhost:8080/" "Mozilla/5.0 (Windows NT 10.0; Win64; x64) AppleWebKit/537.36 (KHTML, like Gecko) Chrome/88.0.4324.190 Safari/537.36"
::1 - - [04/Mar/2021:09:38:22 +0000] "GET /userExists/participant_ID/52715 HTTP/1.1" 304 - "http://localhost:8080/" "Mozilla/5.0 (Windows NT 10.0; Win64; x64) AppleWebKit/537.36 (KHTML, like Gecko) Chrome/88.0.4324.190 Safari/537.36"
::1 - - [08/Mar/2021:13:50:40 +0000] "GET /isBlacklisted/participant_ID/12347 HTTP/1.1" - - "-" "PostmanRuntime/7.26.8"
::1 - - [10/Mar/2021:09:01:35 +0000] "GET /isBlacklisted/participant_ID/52715 HTTP/1.1" 200 21 "http://localhost:8080/" "Mozilla/5.0 (Windows NT 10.0; Win64; x64) AppleWebKit/537.36 (KHTML, like Gecko) Chrome/88.0.4324.190 Safari/537.36"
::1 - - [10/Mar/2021:09:01:37 +0000] "GET /userExists/participant_ID/52715 HTTP/1.1" 200 15 "http://localhost:8080/" "Mozilla/5.0 (Windows NT 10.0; Win64; x64) AppleWebKit/537.36 (KHTML, like Gecko) Chrome/88.0.4324.190 Safari/537.36"
::1 - - [10/Mar/2021:09:01:47 +0000] "GET /isBlacklisted/participant_ID/326532 HTTP/1.1" 200 21 "http://localhost:8080/" "Mozilla/5.0 (Windows NT 10.0; Win64; x64) AppleWebKit/537.36 (KHTML, like Gecko) Chrome/88.0.4324.190 Safari/537.36"
::1 - - [10/Mar/2021:09:01:48 +0000] "GET /userExists/participant_ID/326532 HTTP/1.1" 200 16 "http://localhost:8080/" "Mozilla/5.0 (Windows NT 10.0; Win64; x64) AppleWebKit/537.36 (KHTML, like Gecko) Chrome/88.0.4324.190 Safari/537.36"
::1 - - [10/Mar/2021:09:42:56 +0000] "GET /isBlacklisted/participant_ID/326532 HTTP/1.1" 304 - "http://localhost:8080/" "Mozilla/5.0 (Windows NT 10.0; Win64; x64) AppleWebKit/537.36 (KHTML, like Gecko) Chrome/88.0.4324.190 Safari/537.36"
::1 - - [10/Mar/2021:09:42:57 +0000] "GET /userExists/participant_ID/326532 HTTP/1.1" 304 - "http://localhost:8080/" "Mozilla/5.0 (Windows NT 10.0; Win64; x64) AppleWebKit/537.36 (KHTML, like Gecko) Chrome/88.0.4324.190 Safari/537.36"
::1 - - [10/Mar/2021:09:44:22 +0000] "GET /isBlacklisted/participant_ID/326532 HTTP/1.1" 304 - "http://localhost:8080/" "Mozilla/5.0 (Windows NT 10.0; Win64; x64) AppleWebKit/537.36 (KHTML, like Gecko) Chrome/88.0.4324.190 Safari/537.36"
::1 - - [10/Mar/2021:09:44:24 +0000] "GET /userExists/participant_ID/326532 HTTP/1.1" 304 - "http://localhost:8080/" "Mozilla/5.0 (Windows NT 10.0; Win64; x64) AppleWebKit/537.36 (KHTML, like Gecko) Chrome/88.0.4324.190 Safari/537.36"
::1 - - [10/Mar/2021:09:44:49 +0000] "GET /isBlacklisted/participant_ID/326532 HTTP/1.1" 304 - "http://localhost:8080/" "Mozilla/5.0 (Windows NT 10.0; Win64; x64) AppleWebKit/537.36 (KHTML, like Gecko) Chrome/88.0.4324.190 Safari/537.36"
::1 - - [10/Mar/2021:09:44:50 +0000] "GET /userExists/participant_ID/326532 HTTP/1.1" 304 - "http://localhost:8080/" "Mozilla/5.0 (Windows NT 10.0; Win64; x64) AppleWebKit/537.36 (KHTML, like Gecko) Chrome/88.0.4324.190 Safari/537.36"
::1 - - [10/Mar/2021:09:47:01 +0000] "GET /isBlacklisted/participant_ID/326532 HTTP/1.1" 304 - "http://localhost:8080/" "Mozilla/5.0 (Windows NT 10.0; Win64; x64) AppleWebKit/537.36 (KHTML, like Gecko) Chrome/88.0.4324.190 Safari/537.36"
::1 - - [10/Mar/2021:09:47:03 +0000] "GET /userExists/participant_ID/326532 HTTP/1.1" 304 - "http://localhost:8080/" "Mozilla/5.0 (Windows NT 10.0; Win64; x64) AppleWebKit/537.36 (KHTML, like Gecko) Chrome/88.0.4324.190 Safari/537.36"
::1 - - [10/Mar/2021:10:12:10 +0000] "GET /isBlacklisted/participant_ID/326532 HTTP/1.1" 304 - "http://localhost:8080/" "Mozilla/5.0 (Windows NT 10.0; Win64; x64) AppleWebKit/537.36 (KHTML, like Gecko) Chrome/88.0.4324.190 Safari/537.36"
::1 - - [10/Mar/2021:10:12:12 +0000] "GET /userExists/participant_ID/326532 HTTP/1.1" 304 - "http://localhost:8080/" "Mozilla/5.0 (Windows NT 10.0; Win64; x64) AppleWebKit/537.36 (KHTML, like Gecko) Chrome/88.0.4324.190 Safari/537.36"
::1 - - [10/Mar/2021:10:12:17 +0000] "GET /isBlacklisted/participant_ID/326532 HTTP/1.1" 304 - "http://localhost:8080/" "Mozilla/5.0 (Windows NT 10.0; Win64; x64) AppleWebKit/537.36 (KHTML, like Gecko) Chrome/88.0.4324.190 Safari/537.36"
::1 - - [10/Mar/2021:10:12:18 +0000] "GET /userExists/participant_ID/326532 HTTP/1.1" 304 - "http://localhost:8080/" "Mozilla/5.0 (Windows NT 10.0; Win64; x64) AppleWebKit/537.36 (KHTML, like Gecko) Chrome/88.0.4324.190 Safari/537.36"
::1 - - [10/Mar/2021:10:12:24 +0000] "GET /isBlacklisted/participant_ID/326532 HTTP/1.1" 304 - "http://localhost:8080/" "Mozilla/5.0 (Windows NT 10.0; Win64; x64) AppleWebKit/537.36 (KHTML, like Gecko) Chrome/88.0.4324.190 Safari/537.36"
::1 - - [10/Mar/2021:10:12:26 +0000] "GET /userExists/participant_ID/326532 HTTP/1.1" 304 - "http://localhost:8080/" "Mozilla/5.0 (Windows NT 10.0; Win64; x64) AppleWebKit/537.36 (KHTML, like Gecko) Chrome/88.0.4324.190 Safari/537.36"
::1 - - [10/Mar/2021:11:20:25 +0000] "GET /isBlacklisted/participant_ID/326532 HTTP/1.1" 304 - "http://localhost:8080/" "Mozilla/5.0 (Windows NT 10.0; Win64; x64) AppleWebKit/537.36 (KHTML, like Gecko) Chrome/88.0.4324.190 Safari/537.36"
::1 - - [10/Mar/2021:11:20:27 +0000] "GET /userExists/participant_ID/326532 HTTP/1.1" 304 - "http://localhost:8080/" "Mozilla/5.0 (Windows NT 10.0; Win64; x64) AppleWebKit/537.36 (KHTML, like Gecko) Chrome/88.0.4324.190 Safari/537.36"
::1 - - [10/Mar/2021:11:22:51 +0000] "GET /isBlacklisted/participant_ID/326532 HTTP/1.1" 304 - "http://localhost:8080/" "Mozilla/5.0 (Windows NT 10.0; Win64; x64) AppleWebKit/537.36 (KHTML, like Gecko) Chrome/88.0.4324.190 Safari/537.36"
::1 - - [10/Mar/2021:11:22:52 +0000] "GET /userExists/participant_ID/326532 HTTP/1.1" 304 - "http://localhost:8080/" "Mozilla/5.0 (Windows NT 10.0; Win64; x64) AppleWebKit/537.36 (KHTML, like Gecko) Chrome/88.0.4324.190 Safari/537.36"
::1 - - [10/Mar/2021:11:26:22 +0000] "GET /isBlacklisted/participant_ID/326532 HTTP/1.1" 304 - "http://localhost:8080/" "Mozilla/5.0 (Windows NT 10.0; Win64; x64) AppleWebKit/537.36 (KHTML, like Gecko) Chrome/88.0.4324.190 Safari/537.36"
::1 - - [10/Mar/2021:11:26:23 +0000] "GET /userExists/participant_ID/326532 HTTP/1.1" 304 - "http://localhost:8080/" "Mozilla/5.0 (Windows NT 10.0; Win64; x64) AppleWebKit/537.36 (KHTML, like Gecko) Chrome/88.0.4324.190 Safari/537.36"
::1 - - [10/Mar/2021:11:26:53 +0000] "GET /isBlacklisted/participant_ID/326532 HTTP/1.1" 304 - "http://localhost:8080/" "Mozilla/5.0 (Windows NT 10.0; Win64; x64) AppleWebKit/537.36 (KHTML, like Gecko) Chrome/88.0.4324.190 Safari/537.36"
::1 - - [10/Mar/2021:11:26:54 +0000] "GET /userExists/participant_ID/326532 HTTP/1.1" 304 - "http://localhost:8080/" "Mozilla/5.0 (Windows NT 10.0; Win64; x64) AppleWebKit/537.36 (KHTML, like Gecko) Chrome/88.0.4324.190 Safari/537.36"
::1 - - [10/Mar/2021:11:27:23 +0000] "GET /isBlacklisted/participant_ID/326532 HTTP/1.1" 304 - "http://localhost:8080/" "Mozilla/5.0 (Windows NT 10.0; Win64; x64) AppleWebKit/537.36 (KHTML, like Gecko) Chrome/88.0.4324.190 Safari/537.36"
::1 - - [10/Mar/2021:11:27:24 +0000] "GET /userExists/participant_ID/326532 HTTP/1.1" 304 - "http://localhost:8080/" "Mozilla/5.0 (Windows NT 10.0; Win64; x64) AppleWebKit/537.36 (KHTML, like Gecko) Chrome/88.0.4324.190 Safari/537.36"
::1 - - [10/Mar/2021:11:30:52 +0000] "GET /isBlacklisted/participant_ID/326532 HTTP/1.1" 304 - "http://localhost:8080/" "Mozilla/5.0 (Windows NT 10.0; Win64; x64) AppleWebKit/537.36 (KHTML, like Gecko) Chrome/88.0.4324.190 Safari/537.36"
::1 - - [10/Mar/2021:11:30:54 +0000] "GET /userExists/participant_ID/326532 HTTP/1.1" 304 - "http://localhost:8080/" "Mozilla/5.0 (Windows NT 10.0; Win64; x64) AppleWebKit/537.36 (KHTML, like Gecko) Chrome/88.0.4324.190 Safari/537.36"
::1 - - [10/Mar/2021:11:31:10 +0000] "GET /isBlacklisted/participant_ID/326532 HTTP/1.1" 304 - "http://localhost:8080/" "Mozilla/5.0 (Windows NT 10.0; Win64; x64) AppleWebKit/537.36 (KHTML, like Gecko) Chrome/88.0.4324.190 Safari/537.36"
::1 - - [10/Mar/2021:11:31:11 +0000] "GET /userExists/participant_ID/326532 HTTP/1.1" 304 - "http://localhost:8080/" "Mozilla/5.0 (Windows NT 10.0; Win64; x64) AppleWebKit/537.36 (KHTML, like Gecko) Chrome/88.0.4324.190 Safari/537.36"
::1 - - [10/Mar/2021:12:04:10 +0000] "GET /isBlacklisted/participant_ID/326532 HTTP/1.1" 304 - "http://localhost:8080/" "Mozilla/5.0 (Windows NT 10.0; Win64; x64) AppleWebKit/537.36 (KHTML, like Gecko) Chrome/88.0.4324.190 Safari/537.36"
::1 - - [10/Mar/2021:12:04:12 +0000] "GET /userExists/participant_ID/326532 HTTP/1.1" 304 - "http://localhost:8080/" "Mozilla/5.0 (Windows NT 10.0; Win64; x64) AppleWebKit/537.36 (KHTML, like Gecko) Chrome/88.0.4324.190 Safari/537.36"
::1 - - [10/Mar/2021:12:19:38 +0000] "GET /isBlacklisted/participant_ID/326532 HTTP/1.1" 304 - "http://localhost:8080/" "Mozilla/5.0 (Windows NT 10.0; Win64; x64) AppleWebKit/537.36 (KHTML, like Gecko) Chrome/88.0.4324.190 Safari/537.36"
::1 - - [10/Mar/2021:12:19:39 +0000] "GET /userExists/participant_ID/326532 HTTP/1.1" 304 - "http://localhost:8080/" "Mozilla/5.0 (Windows NT 10.0; Win64; x64) AppleWebKit/537.36 (KHTML, like Gecko) Chrome/88.0.4324.190 Safari/537.36"
::1 - - [10/Mar/2021:12:31:57 +0000] "GET /isBlacklisted/participant_ID/326532 HTTP/1.1" 304 - "http://localhost:8080/" "Mozilla/5.0 (Windows NT 10.0; Win64; x64) AppleWebKit/537.36 (KHTML, like Gecko) Chrome/88.0.4324.190 Safari/537.36"
::1 - - [10/Mar/2021:12:31:58 +0000] "GET /userExists/participant_ID/326532 HTTP/1.1" 304 - "http://localhost:8080/" "Mozilla/5.0 (Windows NT 10.0; Win64; x64) AppleWebKit/537.36 (KHTML, like Gecko) Chrome/88.0.4324.190 Safari/537.36"
::1 - - [10/Mar/2021:12:32:59 +0000] "GET /isBlacklisted/participant_ID/326532 HTTP/1.1" 304 - "http://localhost:8080/" "Mozilla/5.0 (Windows NT 10.0; Win64; x64) AppleWebKit/537.36 (KHTML, like Gecko) Chrome/88.0.4324.190 Safari/537.36"
::1 - - [10/Mar/2021:12:33:01 +0000] "GET /userExists/participant_ID/326532 HTTP/1.1" 304 - "http://localhost:8080/" "Mozilla/5.0 (Windows NT 10.0; Win64; x64) AppleWebKit/537.36 (KHTML, like Gecko) Chrome/88.0.4324.190 Safari/537.36"
::1 - - [10/Mar/2021:13:05:36 +0000] "GET /isBlacklisted/participant_ID/52715 HTTP/1.1" 200 21 "http://localhost:8080/" "Mozilla/5.0 (Windows NT 10.0; Win64; x64) AppleWebKit/537.36 (KHTML, like Gecko) Chrome/88.0.4324.190 Safari/537.36"
::1 - - [10/Mar/2021:13:05:37 +0000] "GET /userExists/participant_ID/52715 HTTP/1.1" 200 15 "http://localhost:8080/" "Mozilla/5.0 (Windows NT 10.0; Win64; x64) AppleWebKit/537.36 (KHTML, like Gecko) Chrome/88.0.4324.190 Safari/537.36"
::1 - - [10/Mar/2021:13:05:44 +0000] "GET /isBlacklisted/participant_ID/2235 HTTP/1.1" 200 21 "http://localhost:8080/" "Mozilla/5.0 (Windows NT 10.0; Win64; x64) AppleWebKit/537.36 (KHTML, like Gecko) Chrome/88.0.4324.190 Safari/537.36"
::1 - - [10/Mar/2021:13:05:45 +0000] "GET /userExists/participant_ID/2235 HTTP/1.1" 200 16 "http://localhost:8080/" "Mozilla/5.0 (Windows NT 10.0; Win64; x64) AppleWebKit/537.36 (KHTML, like Gecko) Chrome/88.0.4324.190 Safari/537.36"
::1 - - [10/Mar/2021:13:06:02 +0000] "GET /isBlacklisted/participant_ID/2235 HTTP/1.1" 304 - "http://localhost:8080/" "Mozilla/5.0 (Windows NT 10.0; Win64; x64) AppleWebKit/537.36 (KHTML, like Gecko) Chrome/88.0.4324.190 Safari/537.36"
::1 - - [10/Mar/2021:13:06:04 +0000] "GET /userExists/participant_ID/2235 HTTP/1.1" 304 - "http://localhost:8080/" "Mozilla/5.0 (Windows NT 10.0; Win64; x64) AppleWebKit/537.36 (KHTML, like Gecko) Chrome/88.0.4324.190 Safari/537.36"
::1 - - [10/Mar/2021:13:06:06 +0000] "GET /config HTTP/1.1" 200 3303 "http://localhost:8080/" "Mozilla/5.0 (Windows NT 10.0; Win64; x64) AppleWebKit/537.36 (KHTML, like Gecko) Chrome/88.0.4324.190 Safari/537.36"
::1 - - [10/Mar/2021:13:10:38 +0000] "GET /isBlacklisted/participant_ID/52715 HTTP/1.1" 304 - "http://localhost:8080/" "Mozilla/5.0 (Windows NT 10.0; Win64; x64) AppleWebKit/537.36 (KHTML, like Gecko) Chrome/88.0.4324.190 Safari/537.36"
::1 - - [10/Mar/2021:13:10:40 +0000] "GET /userExists/participant_ID/52715 HTTP/1.1" 304 - "http://localhost:8080/" "Mozilla/5.0 (Windows NT 10.0; Win64; x64) AppleWebKit/537.36 (KHTML, like Gecko) Chrome/88.0.4324.190 Safari/537.36"
::1 - - [10/Mar/2021:13:10:46 +0000] "GET /isBlacklisted/participant_ID/55236 HTTP/1.1" 200 21 "http://localhost:8080/" "Mozilla/5.0 (Windows NT 10.0; Win64; x64) AppleWebKit/537.36 (KHTML, like Gecko) Chrome/88.0.4324.190 Safari/537.36"
::1 - - [10/Mar/2021:13:10:48 +0000] "GET /userExists/participant_ID/55236 HTTP/1.1" 200 16 "http://localhost:8080/" "Mozilla/5.0 (Windows NT 10.0; Win64; x64) AppleWebKit/537.36 (KHTML, like Gecko) Chrome/88.0.4324.190 Safari/537.36"
::1 - - [13/Mar/2021:16:28:02 +0000] "GET /isBlacklisted/participant_ID/5271 HTTP/1.1" 200 21 "http://localhost:8080/" "Mozilla/5.0 (Windows NT 10.0; Win64; x64) AppleWebKit/537.36 (KHTML, like Gecko) Chrome/89.0.4389.82 Safari/537.36"
::1 - - [13/Mar/2021:16:28:04 +0000] "GET /userExists/participant_ID/5271 HTTP/1.1" 200 16 "http://localhost:8080/" "Mozilla/5.0 (Windows NT 10.0; Win64; x64) AppleWebKit/537.36 (KHTML, like Gecko) Chrome/89.0.4389.82 Safari/537.36"
::1 - - [13/Mar/2021:16:28:19 +0000] "GET /isBlacklisted/participant_ID/5271 HTTP/1.1" 304 - "http://localhost:8080/" "Mozilla/5.0 (Windows NT 10.0; Win64; x64) AppleWebKit/537.36 (KHTML, like Gecko) Chrome/89.0.4389.82 Safari/537.36"
::1 - - [13/Mar/2021:16:28:20 +0000] "GET /userExists/participant_ID/5271 HTTP/1.1" 304 - "http://localhost:8080/" "Mozilla/5.0 (Windows NT 10.0; Win64; x64) AppleWebKit/537.36 (KHTML, like Gecko) Chrome/89.0.4389.82 Safari/537.36"
::1 - - [13/Mar/2021:16:28:24 +0000] "GET /config HTTP/1.1" 200 3716 "http://localhost:8080/" "Mozilla/5.0 (Windows NT 10.0; Win64; x64) AppleWebKit/537.36 (KHTML, like Gecko) Chrome/89.0.4389.82 Safari/537.36"
::1 - - [13/Mar/2021:16:28:57 +0000] "GET /isBlacklisted/participant_ID/5271 HTTP/1.1" 304 - "http://localhost:8080/" "Mozilla/5.0 (Windows NT 10.0; Win64; x64) AppleWebKit/537.36 (KHTML, like Gecko) Chrome/89.0.4389.82 Safari/537.36"
::1 - - [13/Mar/2021:16:28:59 +0000] "GET /userExists/participant_ID/5271 HTTP/1.1" 304 - "http://localhost:8080/" "Mozilla/5.0 (Windows NT 10.0; Win64; x64) AppleWebKit/537.36 (KHTML, like Gecko) Chrome/89.0.4389.82 Safari/537.36"
::ffff:127.0.0.1 - - [13/Mar/2021:16:34:17 +0000] "GET /isBlacklisted/participant_ID/5271 HTTP/1.1" 304 - "http://localhost:8080/" "Mozilla/5.0 (Windows NT 10.0; Win64; x64) AppleWebKit/537.36 (KHTML, like Gecko) Chrome/89.0.4389.82 Safari/537.36"
::ffff:127.0.0.1 - - [13/Mar/2021:16:34:19 +0000] "GET /userExists/participant_ID/5271 HTTP/1.1" 304 - "http://localhost:8080/" "Mozilla/5.0 (Windows NT 10.0; Win64; x64) AppleWebKit/537.36 (KHTML, like Gecko) Chrome/89.0.4389.82 Safari/537.36"
::1 - - [13/Mar/2021:16:42:09 +0000] "GET /isBlacklisted/participant_ID/5271 HTTP/1.1" 304 - "http://localhost:8080/" "Mozilla/5.0 (Windows NT 10.0; Win64; x64) AppleWebKit/537.36 (KHTML, like Gecko) Chrome/89.0.4389.82 Safari/537.36"
::1 - - [13/Mar/2021:16:42:10 +0000] "GET /userExists/participant_ID/5271 HTTP/1.1" 304 - "http://localhost:8080/" "Mozilla/5.0 (Windows NT 10.0; Win64; x64) AppleWebKit/537.36 (KHTML, like Gecko) Chrome/89.0.4389.82 Safari/537.36"
::1 - - [13/Mar/2021:16:45:18 +0000] "GET /isBlacklisted/participant_ID/5271 HTTP/1.1" 304 - "http://localhost:8080/" "Mozilla/5.0 (Windows NT 10.0; Win64; x64) AppleWebKit/537.36 (KHTML, like Gecko) Chrome/89.0.4389.82 Safari/537.36"
::1 - - [13/Mar/2021:16:45:20 +0000] "GET /userExists/participant_ID/5271 HTTP/1.1" 304 - "http://localhost:8080/" "Mozilla/5.0 (Windows NT 10.0; Win64; x64) AppleWebKit/537.36 (KHTML, like Gecko) Chrome/89.0.4389.82 Safari/537.36"
::1 - - [13/Mar/2021:16:46:02 +0000] "GET /isBlacklisted/participant_ID/5271 HTTP/1.1" 304 - "http://localhost:8080/" "Mozilla/5.0 (Windows NT 10.0; Win64; x64) AppleWebKit/537.36 (KHTML, like Gecko) Chrome/89.0.4389.82 Safari/537.36"
::1 - - [13/Mar/2021:16:46:03 +0000] "GET /userExists/participant_ID/5271 HTTP/1.1" 304 - "http://localhost:8080/" "Mozilla/5.0 (Windows NT 10.0; Win64; x64) AppleWebKit/537.36 (KHTML, like Gecko) Chrome/89.0.4389.82 Safari/537.36"
::1 - - [13/Mar/2021:16:48:44 +0000] "GET /isBlacklisted/participant_ID/5271 HTTP/1.1" 304 - "http://localhost:8080/" "Mozilla/5.0 (Windows NT 10.0; Win64; x64) AppleWebKit/537.36 (KHTML, like Gecko) Chrome/89.0.4389.82 Safari/537.36"
::1 - - [13/Mar/2021:16:48:46 +0000] "GET /userExists/participant_ID/5271 HTTP/1.1" 304 - "http://localhost:8080/" "Mozilla/5.0 (Windows NT 10.0; Win64; x64) AppleWebKit/537.36 (KHTML, like Gecko) Chrome/89.0.4389.82 Safari/537.36"
::1 - - [13/Mar/2021:16:55:25 +0000] "GET /isBlacklisted/participant_ID/5271 HTTP/1.1" 304 - "http://localhost:8080/" "Mozilla/5.0 (Windows NT 10.0; Win64; x64) AppleWebKit/537.36 (KHTML, like Gecko) Chrome/89.0.4389.82 Safari/537.36"
::1 - - [13/Mar/2021:16:55:26 +0000] "GET /userExists/participant_ID/5271 HTTP/1.1" 304 - "http://localhost:8080/" "Mozilla/5.0 (Windows NT 10.0; Win64; x64) AppleWebKit/537.36 (KHTML, like Gecko) Chrome/89.0.4389.82 Safari/537.36"
::1 - - [13/Mar/2021:17:00:07 +0000] "GET /isBlacklisted/participant_ID/5271 HTTP/1.1" 304 - "http://localhost:8080/" "Mozilla/5.0 (Windows NT 10.0; Win64; x64) AppleWebKit/537.36 (KHTML, like Gecko) Chrome/89.0.4389.82 Safari/537.36"
::1 - - [13/Mar/2021:17:00:09 +0000] "GET /userExists/participant_ID/5271 HTTP/1.1" 304 - "http://localhost:8080/" "Mozilla/5.0 (Windows NT 10.0; Win64; x64) AppleWebKit/537.36 (KHTML, like Gecko) Chrome/89.0.4389.82 Safari/537.36"
::1 - - [01/Apr/2021:15:09:51 +0000] "GET /isBlacklisted/participant_ID/527231 HTTP/1.1" 200 21 "http://localhost:8080/" "Mozilla/5.0 (Windows NT 10.0; Win64; x64) AppleWebKit/537.36 (KHTML, like Gecko) Chrome/89.0.4389.90 Safari/537.36"
::1 - - [01/Apr/2021:15:09:52 +0000] "GET /userExists/participant_ID/527231 HTTP/1.1" 200 16 "http://localhost:8080/" "Mozilla/5.0 (Windows NT 10.0; Win64; x64) AppleWebKit/537.36 (KHTML, like Gecko) Chrome/89.0.4389.90 Safari/537.36"
::1 - - [01/Apr/2021:15:10:26 +0000] "POST /addExperiment HTTP/1.1" 201 20 "http://localhost:8080/" "Mozilla/5.0 (Windows NT 10.0; Win64; x64) AppleWebKit/537.36 (KHTML, like Gecko) Chrome/89.0.4389.90 Safari/537.36"
::1 - - [01/Apr/2021:15:14:59 +0000] "GET /isBlacklisted/participant_ID/527231 HTTP/1.1" 500 66 "http://localhost:8080/" "Mozilla/5.0 (Windows NT 10.0; Win64; x64) AppleWebKit/537.36 (KHTML, like Gecko) Chrome/89.0.4389.90 Safari/537.36"
::1 - - [01/Apr/2021:15:15:20 +0000] "GET /isBlacklisted/participant_ID/527231 HTTP/1.1" 200 21 "http://localhost:8080/" "Mozilla/5.0 (Windows NT 10.0; Win64; x64) AppleWebKit/537.36 (KHTML, like Gecko) Chrome/89.0.4389.90 Safari/537.36"
::1 - - [01/Apr/2021:15:15:21 +0000] "GET /userExists/participant_ID/527231 HTTP/1.1" 200 15 "http://localhost:8080/" "Mozilla/5.0 (Windows NT 10.0; Win64; x64) AppleWebKit/537.36 (KHTML, like Gecko) Chrome/89.0.4389.90 Safari/537.36"
::1 - - [01/Apr/2021:15:15:24 +0000] "GET /config HTTP/1.1" 200 3308 "http://localhost:8080/" "Mozilla/5.0 (Windows NT 10.0; Win64; x64) AppleWebKit/537.36 (KHTML, like Gecko) Chrome/89.0.4389.90 Safari/537.36"
::1 - - [01/Apr/2021:15:16:04 +0000] "GET /isBlacklisted/participant_ID/527231 HTTP/1.1" 304 - "http://localhost:8080/" "Mozilla/5.0 (Windows NT 10.0; Win64; x64) AppleWebKit/537.36 (KHTML, like Gecko) Chrome/89.0.4389.90 Safari/537.36"
::1 - - [01/Apr/2021:15:16:06 +0000] "GET /userExists/participant_ID/527231 HTTP/1.1" 304 - "http://localhost:8080/" "Mozilla/5.0 (Windows NT 10.0; Win64; x64) AppleWebKit/537.36 (KHTML, like Gecko) Chrome/89.0.4389.90 Safari/537.36"
::1 - - [01/Apr/2021:15:16:20 +0000] "GET /isBlacklisted/participant_ID/527231 HTTP/1.1" 500 66 "http://localhost:8080/" "Mozilla/5.0 (Windows NT 10.0; Win64; x64) AppleWebKit/537.36 (KHTML, like Gecko) Chrome/89.0.4389.90 Safari/537.36"
::1 - - [01/Apr/2021:15:16:58 +0000] "GET /isBlacklisted/participant_ID/5272355 HTTP/1.1" 500 66 "http://localhost:8080/" "Mozilla/5.0 (Windows NT 10.0; Win64; x64) AppleWebKit/537.36 (KHTML, like Gecko) Chrome/89.0.4389.90 Safari/537.36"
::1 - - [01/Apr/2021:15:17:22 +0000] "GET /isBlacklisted/participant_ID/5272355 HTTP/1.1" 200 21 "http://localhost:8080/" "Mozilla/5.0 (Windows NT 10.0; Win64; x64) AppleWebKit/537.36 (KHTML, like Gecko) Chrome/89.0.4389.90 Safari/537.36"
::1 - - [01/Apr/2021:15:17:24 +0000] "GET /userExists/participant_ID/5272355 HTTP/1.1" 200 16 "http://localhost:8080/" "Mozilla/5.0 (Windows NT 10.0; Win64; x64) AppleWebKit/537.36 (KHTML, like Gecko) Chrome/89.0.4389.90 Safari/537.36"
::1 - - [01/Apr/2021:15:18:52 +0000] "GET /isBlacklisted/participant_ID/123 HTTP/1.1" 200 21 "http://localhost:8080/" "Mozilla/5.0 (Windows NT 10.0; Win64; x64) AppleWebKit/537.36 (KHTML, like Gecko) Chrome/89.0.4389.90 Safari/537.36"
::1 - - [01/Apr/2021:15:18:53 +0000] "GET /userExists/participant_ID/123 HTTP/1.1" 200 15 "http://localhost:8080/" "Mozilla/5.0 (Windows NT 10.0; Win64; x64) AppleWebKit/537.36 (KHTML, like Gecko) Chrome/89.0.4389.90 Safari/537.36"
::1 - - [01/Apr/2021:15:19:00 +0000] "GET /isBlacklisted/participant_ID/2135123 HTTP/1.1" 200 21 "http://localhost:8080/" "Mozilla/5.0 (Windows NT 10.0; Win64; x64) AppleWebKit/537.36 (KHTML, like Gecko) Chrome/89.0.4389.90 Safari/537.36"
::1 - - [01/Apr/2021:15:19:01 +0000] "GET /userExists/participant_ID/2135123 HTTP/1.1" 200 16 "http://localhost:8080/" "Mozilla/5.0 (Windows NT 10.0; Win64; x64) AppleWebKit/537.36 (KHTML, like Gecko) Chrome/89.0.4389.90 Safari/537.36"
::1 - - [01/Apr/2021:15:19:46 +0000] "POST /addExperiment HTTP/1.1" 201 20 "http://localhost:8080/" "Mozilla/5.0 (Windows NT 10.0; Win64; x64) AppleWebKit/537.36 (KHTML, like Gecko) Chrome/89.0.4389.90 Safari/537.36"
::1 - - [01/Apr/2021:15:20:28 +0000] "GET /isBlacklisted/participant_ID/2135123 HTTP/1.1" 304 - "http://localhost:8080/" "Mozilla/5.0 (Windows NT 10.0; Win64; x64) AppleWebKit/537.36 (KHTML, like Gecko) Chrome/89.0.4389.90 Safari/537.36"
::1 - - [01/Apr/2021:15:20:29 +0000] "GET /userExists/participant_ID/2135123 HTTP/1.1" 200 15 "http://localhost:8080/" "Mozilla/5.0 (Windows NT 10.0; Win64; x64) AppleWebKit/537.36 (KHTML, like Gecko) Chrome/89.0.4389.90 Safari/537.36"
::1 - - [01/Apr/2021:15:20:32 +0000] "GET /config HTTP/1.1" 200 3727 "http://localhost:8080/" "Mozilla/5.0 (Windows NT 10.0; Win64; x64) AppleWebKit/537.36 (KHTML, like Gecko) Chrome/89.0.4389.90 Safari/537.36"
::1 - - [01/Apr/2021:15:22:54 +0000] "GET /isBlacklisted/participant_ID/2135124 HTTP/1.1" - - "http://localhost:8080/" "Mozilla/5.0 (Windows NT 10.0; Win64; x64) AppleWebKit/537.36 (KHTML, like Gecko) Chrome/89.0.4389.90 Safari/537.36"
::1 - - [01/Apr/2021:15:22:56 +0000] "GET /isBlacklisted/participant_ID/2135124 HTTP/1.1" 200 21 "http://localhost:8080/" "Mozilla/5.0 (Windows NT 10.0; Win64; x64) AppleWebKit/537.36 (KHTML, like Gecko) Chrome/89.0.4389.90 Safari/537.36"
::1 - - [01/Apr/2021:15:22:58 +0000] "GET /userExists/participant_ID/2135124 HTTP/1.1" 200 16 "http://localhost:8080/" "Mozilla/5.0 (Windows NT 10.0; Win64; x64) AppleWebKit/537.36 (KHTML, like Gecko) Chrome/89.0.4389.90 Safari/537.36"
::1 - - [01/Apr/2021:15:24:30 +0000] "GET /isBlacklisted/participant_ID/2135125 HTTP/1.1" 200 21 "http://localhost:8080/" "Mozilla/5.0 (Windows NT 10.0; Win64; x64) AppleWebKit/537.36 (KHTML, like Gecko) Chrome/89.0.4389.90 Safari/537.36"
::1 - - [01/Apr/2021:15:24:31 +0000] "GET /userExists/participant_ID/2135125 HTTP/1.1" 200 16 "http://localhost:8080/" "Mozilla/5.0 (Windows NT 10.0; Win64; x64) AppleWebKit/537.36 (KHTML, like Gecko) Chrome/89.0.4389.90 Safari/537.36"
::1 - - [01/Apr/2021:15:25:44 +0000] "GET /isBlacklisted/participant_ID/null HTTP/1.1" 200 21 "http://localhost:8080/" "Mozilla/5.0 (Windows NT 10.0; Win64; x64) AppleWebKit/537.36 (KHTML, like Gecko) Chrome/89.0.4389.90 Safari/537.36"
::1 - - [01/Apr/2021:15:25:45 +0000] "GET /userExists/participant_ID/null HTTP/1.1" 200 16 "http://localhost:8080/" "Mozilla/5.0 (Windows NT 10.0; Win64; x64) AppleWebKit/537.36 (KHTML, like Gecko) Chrome/89.0.4389.90 Safari/537.36"
::1 - - [01/Apr/2021:15:26:38 +0000] "GET /isBlacklisted/participant_ID/87500 HTTP/1.1" - - "http://localhost:8080/" "Mozilla/5.0 (Windows NT 10.0; Win64; x64) AppleWebKit/537.36 (KHTML, like Gecko) Chrome/89.0.4389.90 Safari/537.36"
::1 - - [01/Apr/2021:15:26:40 +0000] "GET /isBlacklisted/participant_ID/null HTTP/1.1" 304 - "http://localhost:8080/" "Mozilla/5.0 (Windows NT 10.0; Win64; x64) AppleWebKit/537.36 (KHTML, like Gecko) Chrome/89.0.4389.90 Safari/537.36"
::1 - - [01/Apr/2021:15:26:41 +0000] "GET /userExists/participant_ID/null HTTP/1.1" 304 - "http://localhost:8080/" "Mozilla/5.0 (Windows NT 10.0; Win64; x64) AppleWebKit/537.36 (KHTML, like Gecko) Chrome/89.0.4389.90 Safari/537.36"
::1 - - [01/Apr/2021:15:26:46 +0000] "GET /isBlacklisted/participant_ID/79695 HTTP/1.1" 200 21 "http://localhost:8080/" "Mozilla/5.0 (Windows NT 10.0; Win64; x64) AppleWebKit/537.36 (KHTML, like Gecko) Chrome/89.0.4389.90 Safari/537.36"
::1 - - [01/Apr/2021:15:26:48 +0000] "GET /userExists/participant_ID/79695 HTTP/1.1" 200 16 "http://localhost:8080/" "Mozilla/5.0 (Windows NT 10.0; Win64; x64) AppleWebKit/537.36 (KHTML, like Gecko) Chrome/89.0.4389.90 Safari/537.36"
::1 - - [01/Apr/2021:15:28:44 +0000] "GET /isBlacklisted/participant_ID/null HTTP/1.1" 304 - "http://localhost:8080/" "Mozilla/5.0 (Windows NT 10.0; Win64; x64) AppleWebKit/537.36 (KHTML, like Gecko) Chrome/89.0.4389.90 Safari/537.36"
::1 - - [01/Apr/2021:15:28:45 +0000] "GET /userExists/participant_ID/null HTTP/1.1" 304 - "http://localhost:8080/" "Mozilla/5.0 (Windows NT 10.0; Win64; x64) AppleWebKit/537.36 (KHTML, like Gecko) Chrome/89.0.4389.90 Safari/537.36"
::1 - - [01/Apr/2021:15:28:49 +0000] "GET /isBlacklisted/participant_ID/49820 HTTP/1.1" 200 21 "http://localhost:8080/" "Mozilla/5.0 (Windows NT 10.0; Win64; x64) AppleWebKit/537.36 (KHTML, like Gecko) Chrome/89.0.4389.90 Safari/537.36"
::1 - - [01/Apr/2021:15:28:50 +0000] "GET /userExists/participant_ID/49820 HTTP/1.1" 200 16 "http://localhost:8080/" "Mozilla/5.0 (Windows NT 10.0; Win64; x64) AppleWebKit/537.36 (KHTML, like Gecko) Chrome/89.0.4389.90 Safari/537.36"
::1 - - [01/Apr/2021:15:32:01 +0000] "GET /isBlacklisted/participant_ID/null HTTP/1.1" - - "http://localhost:8080/" "Mozilla/5.0 (Windows NT 10.0; Win64; x64) AppleWebKit/537.36 (KHTML, like Gecko) Chrome/89.0.4389.90 Safari/537.36"
::1 - - [01/Apr/2021:15:32:03 +0000] "GET /isBlacklisted/participant_ID/null HTTP/1.1" 200 21 "http://localhost:8080/" "Mozilla/5.0 (Windows NT 10.0; Win64; x64) AppleWebKit/537.36 (KHTML, like Gecko) Chrome/89.0.4389.90 Safari/537.36"
::1 - - [01/Apr/2021:15:32:04 +0000] "GET /userExists/participant_ID/null HTTP/1.1" 304 - "http://localhost:8080/" "Mozilla/5.0 (Windows NT 10.0; Win64; x64) AppleWebKit/537.36 (KHTML, like Gecko) Chrome/89.0.4389.90 Safari/537.36"
::1 - - [01/Apr/2021:15:32:09 +0000] "GET /isBlacklisted/participant_ID/60974 HTTP/1.1" 200 21 "http://localhost:8080/" "Mozilla/5.0 (Windows NT 10.0; Win64; x64) AppleWebKit/537.36 (KHTML, like Gecko) Chrome/89.0.4389.90 Safari/537.36"
::1 - - [01/Apr/2021:15:32:11 +0000] "GET /userExists/participant_ID/60974 HTTP/1.1" 200 16 "http://localhost:8080/" "Mozilla/5.0 (Windows NT 10.0; Win64; x64) AppleWebKit/537.36 (KHTML, like Gecko) Chrome/89.0.4389.90 Safari/537.36"
::1 - - [01/Apr/2021:15:33:32 +0000] "GET /isBlacklisted/participant_ID/null HTTP/1.1" 304 - "http://localhost:8080/" "Mozilla/5.0 (Windows NT 10.0; Win64; x64) AppleWebKit/537.36 (KHTML, like Gecko) Chrome/89.0.4389.90 Safari/537.36"
::1 - - [01/Apr/2021:15:33:33 +0000] "GET /userExists/participant_ID/null HTTP/1.1" 304 - "http://localhost:8080/" "Mozilla/5.0 (Windows NT 10.0; Win64; x64) AppleWebKit/537.36 (KHTML, like Gecko) Chrome/89.0.4389.90 Safari/537.36"
::1 - - [01/Apr/2021:15:33:38 +0000] "GET /isBlacklisted/participant_ID/55394 HTTP/1.1" 200 21 "http://localhost:8080/" "Mozilla/5.0 (Windows NT 10.0; Win64; x64) AppleWebKit/537.36 (KHTML, like Gecko) Chrome/89.0.4389.90 Safari/537.36"
::1 - - [01/Apr/2021:15:33:40 +0000] "GET /userExists/participant_ID/55394 HTTP/1.1" 200 16 "http://localhost:8080/" "Mozilla/5.0 (Windows NT 10.0; Win64; x64) AppleWebKit/537.36 (KHTML, like Gecko) Chrome/89.0.4389.90 Safari/537.36"
::1 - - [01/Apr/2021:15:34:05 +0000] "POST /addExperiment HTTP/1.1" 201 20 "http://localhost:8080/" "Mozilla/5.0 (Windows NT 10.0; Win64; x64) AppleWebKit/537.36 (KHTML, like Gecko) Chrome/89.0.4389.90 Safari/537.36"
::1 - - [01/Apr/2021:15:36:25 +0000] "GET /isBlacklisted/participant_ID/null HTTP/1.1" 304 - "http://localhost:8080/" "Mozilla/5.0 (Windows NT 10.0; Win64; x64) AppleWebKit/537.36 (KHTML, like Gecko) Chrome/89.0.4389.90 Safari/537.36"
::1 - - [01/Apr/2021:15:36:27 +0000] "GET /userExists/participant_ID/null HTTP/1.1" 304 - "http://localhost:8080/" "Mozilla/5.0 (Windows NT 10.0; Win64; x64) AppleWebKit/537.36 (KHTML, like Gecko) Chrome/89.0.4389.90 Safari/537.36"
::1 - - [01/Apr/2021:15:36:39 +0000] "GET /config HTTP/1.1" 200 3305 "http://localhost:8080/" "Mozilla/5.0 (Windows NT 10.0; Win64; x64) AppleWebKit/537.36 (KHTML, like Gecko) Chrome/89.0.4389.90 Safari/537.36"
::1 - - [01/Apr/2021:15:37:24 +0000] "GET /isBlacklisted/participant_ID/null HTTP/1.1" 500 66 "http://localhost:8080/" "Mozilla/5.0 (Windows NT 10.0; Win64; x64) AppleWebKit/537.36 (KHTML, like Gecko) Chrome/89.0.4389.90 Safari/537.36"
::1 - - [01/Apr/2021:15:37:27 +0000] "GET /isBlacklisted/participant_ID/null HTTP/1.1" 200 21 "http://localhost:8080/" "Mozilla/5.0 (Windows NT 10.0; Win64; x64) AppleWebKit/537.36 (KHTML, like Gecko) Chrome/89.0.4389.90 Safari/537.36"
::1 - - [01/Apr/2021:15:37:29 +0000] "GET /userExists/participant_ID/null HTTP/1.1" 304 - "http://localhost:8080/" "Mozilla/5.0 (Windows NT 10.0; Win64; x64) AppleWebKit/537.36 (KHTML, like Gecko) Chrome/89.0.4389.90 Safari/537.36"
::1 - - [01/Apr/2021:15:37:32 +0000] "GET /isBlacklisted/participant_ID/56716 HTTP/1.1" 200 21 "http://localhost:8080/" "Mozilla/5.0 (Windows NT 10.0; Win64; x64) AppleWebKit/537.36 (KHTML, like Gecko) Chrome/89.0.4389.90 Safari/537.36"
::1 - - [01/Apr/2021:15:37:34 +0000] "GET /userExists/participant_ID/56716 HTTP/1.1" 200 16 "http://localhost:8080/" "Mozilla/5.0 (Windows NT 10.0; Win64; x64) AppleWebKit/537.36 (KHTML, like Gecko) Chrome/89.0.4389.90 Safari/537.36"
::1 - - [01/Apr/2021:15:37:53 +0000] "POST /addExperiment HTTP/1.1" 201 20 "http://localhost:8080/" "Mozilla/5.0 (Windows NT 10.0; Win64; x64) AppleWebKit/537.36 (KHTML, like Gecko) Chrome/89.0.4389.90 Safari/537.36"
::1 - - [01/Apr/2021:15:40:01 +0000] "GET /isBlacklisted/participant_ID/null HTTP/1.1" 304 - "http://localhost:8080/" "Mozilla/5.0 (Windows NT 10.0; Win64; x64) AppleWebKit/537.36 (KHTML, like Gecko) Chrome/89.0.4389.90 Safari/537.36"
::1 - - [01/Apr/2021:15:40:03 +0000] "GET /userExists/participant_ID/null HTTP/1.1" 304 - "http://localhost:8080/" "Mozilla/5.0 (Windows NT 10.0; Win64; x64) AppleWebKit/537.36 (KHTML, like Gecko) Chrome/89.0.4389.90 Safari/537.36"
::1 - - [01/Apr/2021:15:40:06 +0000] "GET /config HTTP/1.1" 200 3308 "http://localhost:8080/" "Mozilla/5.0 (Windows NT 10.0; Win64; x64) AppleWebKit/537.36 (KHTML, like Gecko) Chrome/89.0.4389.90 Safari/537.36"
::1 - - [01/Apr/2021:15:44:03 +0000] "GET /isBlacklisted/participant_ID/null HTTP/1.1" 304 - "http://localhost:8080/" "Mozilla/5.0 (Windows NT 10.0; Win64; x64) AppleWebKit/537.36 (KHTML, like Gecko) Chrome/89.0.4389.90 Safari/537.36"
::1 - - [01/Apr/2021:15:44:05 +0000] "GET /userExists/participant_ID/null HTTP/1.1" 304 - "http://localhost:8080/" "Mozilla/5.0 (Windows NT 10.0; Win64; x64) AppleWebKit/537.36 (KHTML, like Gecko) Chrome/89.0.4389.90 Safari/537.36"
::1 - - [01/Apr/2021:15:44:08 +0000] "GET /isBlacklisted/participant_ID/48238 HTTP/1.1" 200 21 "http://localhost:8080/" "Mozilla/5.0 (Windows NT 10.0; Win64; x64) AppleWebKit/537.36 (KHTML, like Gecko) Chrome/89.0.4389.90 Safari/537.36"
::1 - - [01/Apr/2021:15:44:10 +0000] "GET /userExists/participant_ID/48238 HTTP/1.1" 200 16 "http://localhost:8080/" "Mozilla/5.0 (Windows NT 10.0; Win64; x64) AppleWebKit/537.36 (KHTML, like Gecko) Chrome/89.0.4389.90 Safari/537.36"
::1 - - [01/Apr/2021:15:44:34 +0000] "POST /addExperiment HTTP/1.1" 201 20 "http://localhost:8080/" "Mozilla/5.0 (Windows NT 10.0; Win64; x64) AppleWebKit/537.36 (KHTML, like Gecko) Chrome/89.0.4389.90 Safari/537.36"
::1 - - [01/Apr/2021:15:45:10 +0000] "POST /addConsistency HTTP/1.1" 201 31 "http://localhost:8080/" "Mozilla/5.0 (Windows NT 10.0; Win64; x64) AppleWebKit/537.36 (KHTML, like Gecko) Chrome/89.0.4389.90 Safari/537.36"
::1 - - [01/Apr/2021:15:45:34 +0000] "POST /addFeedback HTTP/1.1" 201 28 "http://localhost:8080/" "Mozilla/5.0 (Windows NT 10.0; Win64; x64) AppleWebKit/537.36 (KHTML, like Gecko) Chrome/89.0.4389.90 Safari/537.36"
::1 - - [01/Apr/2021:15:47:02 +0000] "GET /isBlacklisted/participant_ID/null HTTP/1.1" 304 - "http://localhost:8080/" "Mozilla/5.0 (Windows NT 10.0; Win64; x64) AppleWebKit/537.36 (KHTML, like Gecko) Chrome/89.0.4389.90 Safari/537.36"
::1 - - [01/Apr/2021:15:47:04 +0000] "GET /userExists/participant_ID/null HTTP/1.1" 304 - "http://localhost:8080/" "Mozilla/5.0 (Windows NT 10.0; Win64; x64) AppleWebKit/537.36 (KHTML, like Gecko) Chrome/89.0.4389.90 Safari/537.36"
::1 - - [01/Apr/2021:15:47:07 +0000] "GET /config HTTP/1.1" 200 3718 "http://localhost:8080/" "Mozilla/5.0 (Windows NT 10.0; Win64; x64) AppleWebKit/537.36 (KHTML, like Gecko) Chrome/89.0.4389.90 Safari/537.36"
::1 - - [01/Apr/2021:15:47:10 +0000] "GET /isBlacklisted/participant_ID/81676 HTTP/1.1" 200 21 "http://localhost:8080/" "Mozilla/5.0 (Windows NT 10.0; Win64; x64) AppleWebKit/537.36 (KHTML, like Gecko) Chrome/89.0.4389.90 Safari/537.36"
::1 - - [01/Apr/2021:15:47:11 +0000] "GET /userExists/participant_ID/81676 HTTP/1.1" 200 16 "http://localhost:8080/" "Mozilla/5.0 (Windows NT 10.0; Win64; x64) AppleWebKit/537.36 (KHTML, like Gecko) Chrome/89.0.4389.90 Safari/537.36"
::1 - - [01/Apr/2021:15:47:35 +0000] "POST /addExperiment HTTP/1.1" 201 20 "http://localhost:8080/" "Mozilla/5.0 (Windows NT 10.0; Win64; x64) AppleWebKit/537.36 (KHTML, like Gecko) Chrome/89.0.4389.90 Safari/537.36"
::1 - - [01/Apr/2021:15:47:45 +0000] "POST /addConsistency HTTP/1.1" 201 31 "http://localhost:8080/" "Mozilla/5.0 (Windows NT 10.0; Win64; x64) AppleWebKit/537.36 (KHTML, like Gecko) Chrome/89.0.4389.90 Safari/537.36"
::1 - - [01/Apr/2021:15:47:50 +0000] "POST /addFeedback HTTP/1.1" 201 28 "http://localhost:8080/" "Mozilla/5.0 (Windows NT 10.0; Win64; x64) AppleWebKit/537.36 (KHTML, like Gecko) Chrome/89.0.4389.90 Safari/537.36"
::1 - - [01/Apr/2021:15:48:52 +0000] "GET /isBlacklisted/participant_ID/null HTTP/1.1" 304 - "http://localhost:8080/" "Mozilla/5.0 (Windows NT 10.0; Win64; x64) AppleWebKit/537.36 (KHTML, like Gecko) Chrome/89.0.4389.90 Safari/537.36"
::1 - - [01/Apr/2021:15:48:53 +0000] "GET /userExists/participant_ID/null HTTP/1.1" 304 - "http://localhost:8080/" "Mozilla/5.0 (Windows NT 10.0; Win64; x64) AppleWebKit/537.36 (KHTML, like Gecko) Chrome/89.0.4389.90 Safari/537.36"
::1 - - [01/Apr/2021:15:49:05 +0000] "GET /isBlacklisted/participant_ID/null HTTP/1.1" - - "http://localhost:8080/" "Mozilla/5.0 (Windows NT 10.0; Win64; x64) AppleWebKit/537.36 (KHTML, like Gecko) Chrome/89.0.4389.90 Safari/537.36"
::1 - - [01/Apr/2021:15:49:07 +0000] "GET /isBlacklisted/participant_ID/null HTTP/1.1" 200 21 "http://localhost:8080/" "Mozilla/5.0 (Windows NT 10.0; Win64; x64) AppleWebKit/537.36 (KHTML, like Gecko) Chrome/89.0.4389.90 Safari/537.36"
::1 - - [01/Apr/2021:15:49:08 +0000] "GET /userExists/participant_ID/null HTTP/1.1" 304 - "http://localhost:8080/" "Mozilla/5.0 (Windows NT 10.0; Win64; x64) AppleWebKit/537.36 (KHTML, like Gecko) Chrome/89.0.4389.90 Safari/537.36"
::1 - - [01/Apr/2021:15:49:11 +0000] "GET /config HTTP/1.1" 200 3717 "http://localhost:8080/" "Mozilla/5.0 (Windows NT 10.0; Win64; x64) AppleWebKit/537.36 (KHTML, like Gecko) Chrome/89.0.4389.90 Safari/537.36"
::1 - - [01/Apr/2021:15:49:15 +0000] "GET /isBlacklisted/participant_ID/4726 HTTP/1.1" 200 21 "http://localhost:8080/" "Mozilla/5.0 (Windows NT 10.0; Win64; x64) AppleWebKit/537.36 (KHTML, like Gecko) Chrome/89.0.4389.90 Safari/537.36"
::1 - - [01/Apr/2021:15:49:17 +0000] "GET /userExists/participant_ID/4726 HTTP/1.1" 200 16 "http://localhost:8080/" "Mozilla/5.0 (Windows NT 10.0; Win64; x64) AppleWebKit/537.36 (KHTML, like Gecko) Chrome/89.0.4389.90 Safari/537.36"
::1 - - [01/Apr/2021:15:49:41 +0000] "POST /addExperiment HTTP/1.1" 201 20 "http://localhost:8080/" "Mozilla/5.0 (Windows NT 10.0; Win64; x64) AppleWebKit/537.36 (KHTML, like Gecko) Chrome/89.0.4389.90 Safari/537.36"
::1 - - [01/Apr/2021:15:49:47 +0000] "POST /addConsistency HTTP/1.1" 201 31 "http://localhost:8080/" "Mozilla/5.0 (Windows NT 10.0; Win64; x64) AppleWebKit/537.36 (KHTML, like Gecko) Chrome/89.0.4389.90 Safari/537.36"
::1 - - [01/Apr/2021:15:49:54 +0000] "POST /addFeedback HTTP/1.1" 201 28 "http://localhost:8080/" "Mozilla/5.0 (Windows NT 10.0; Win64; x64) AppleWebKit/537.36 (KHTML, like Gecko) Chrome/89.0.4389.90 Safari/537.36"
